<?xml version="1.0" encoding="UTF-8"?>
<!DOCTYPE properties SYSTEM "http://java.sun.com/dtd/properties.dtd">
<properties>
	<entry key="url">jdbc:mysql://localhost:3306/test</entry>
	<entry key="driver">com.mysql.jdbc.Driver</entry>
	<entry key="user">root</entry>	
	<entry key="password"></entry>
</properties>
