<?xml version="1.0" encoding="UTF-8"?>
<!DOCTYPE properties SYSTEM "http://java.sun.com/dtd/properties.dtd">
<properties>
  <entry key="url">jdbc:h2:mem:test</entry>
  <entry key="driver">org.h2.Driver</entry>
  <entry key="user">sa</entry> 
  <entry key="password">sa</entry>
</properties>